hello
hello
cat
hello
hello
hello
yahoohello
yahoohello
11:13 hello
11:13 hello
named 123213
11:13 hello
named 123213
11:13 hello
named 123213
11:13 hello
named 123213
11:13 hello
named 123213
11:13 hello
named 123213
11:13 hello
named 123213
11:13 hello
named 123213
11:13 hello
named 123213
11:13 hello
named 123213
11:13 hello
named 123213
11:13 hello
named 123213
11:13 hello
named 123213
11:13 hello
named 123213
11:13 hello
named 123213
11:13 hello
named 123213
11:13 hello
named 123213
11:13 hello
named 123213
11:13 hello
named 123213
11:13 hello
named 123213
11:13 hello
named 123213
11:13 hello
named 123213
